08:27:02.572 [34mINFO [0;39m - Selenium API version 3.141.59 detected on classpath 
08:27:02.578 [34mINFO [0;39m - Creating container for image: selenium/standalone-chrome-debug:3.141.59 
08:27:02.632 [34mINFO [0;39m - Container selenium/standalone-chrome-debug:3.141.59 is starting: c103bc226bd1e541b4607e89ac743de09412bff82ac7c95bf6e0bd7e968a7ce7 
08:27:05.335 [34mINFO [0;39m - Container selenium/standalone-chrome-debug:3.141.59 started in PT2.757S 
08:27:05.335 [34mINFO [0;39m - Creating container for image: testcontainers/vnc-recorder:1.2.0 
08:27:05.369 [34mINFO [0;39m - Container testcontainers/vnc-recorder:1.2.0 is starting: 83a712ca5398c0a3d8fb9511d9f27f8314caa6444641f55d4e8a187507885bd9 
08:27:05.765 [34mINFO [0;39m - Container testcontainers/vnc-recorder:1.2.0 started in PT0.43S 
08:27:08.119 [34mINFO [0;39m - Screen recordings for test testVideoRecordingTestFailed-CHROME will be stored at: /home/runner/work/javister-docker-base/javister-docker-base/tests/simple/target/test-classes/../FAILED-testVideoRecordingTestFailed-CHROME-20220817-082708.flv 
08:27:10.922 [34mINFO [0;39m - Selenium API version 3.141.59 detected on classpath 
08:27:10.926 [34mINFO [0;39m - Creating container for image: selenium/standalone-firefox-debug:3.141.59 
08:27:10.969 [34mINFO [0;39m - Container selenium/standalone-firefox-debug:3.141.59 is starting: 6e318fc6823b7f2edcf75f2d410181d8725d0578c5f6cf513d342e733d433ec9 
08:27:13.665 [34mINFO [0;39m - Container selenium/standalone-firefox-debug:3.141.59 started in PT2.74S 
08:27:13.666 [34mINFO [0;39m - Creating container for image: testcontainers/vnc-recorder:1.2.0 
08:27:13.689 [34mINFO [0;39m - Container testcontainers/vnc-recorder:1.2.0 is starting: 489adea352eb06d82fbff11a98f85142cf6a48cb4156da1b521df0297452ad04 
08:27:14.051 [34mINFO [0;39m - Container testcontainers/vnc-recorder:1.2.0 started in PT0.385S 
08:27:18.152 [34mINFO [0;39m - Screen recordings for test testVideoRecordingTestFailed-FIREFOX will be stored at: /home/runner/work/javister-docker-base/javister-docker-base/tests/simple/target/test-classes/../FAILED-testVideoRecordingTestFailed-FIREFOX-20220817-082718.flv 
